Flow report for sys
Thu Feb 27 08:52:23 2014
Quartus II Version 8.1 Build 163 10/28/2008 SJ Web Edition


---------------------
; Table of Contents ;
---------------------
  1. Legal Notice
  2. Flow Summary
  3. Flow Settings
  4. Flow Non-Default Global Settings
  5. Flow Elapsed Time
  6. Flow OS Summary
  7. Flow Log



----------------
; Legal Notice ;
----------------
Copyright (C) 1991-2008 Altera Corporation
Your use of Altera Corporation's design tools, logic functions 
and other software and tools, and its AMPP partner logic 
functions, and any output files from any of the foregoing 
(including device programming or simulation files), and any 
associated documentation or information are expressly subject 
to the terms and conditions of the Altera Program License 
Subscription Agreement, Altera MegaCore Function License 
Agreement, or other applicable license agreement, including, 
without limitation, that your use is for the sole purpose of 
programming logic devices manufactured by Altera and sold by 
Altera or its authorized distributors.  Please refer to the 
applicable agreement for further details.



+------------------------------------------------------------------------------+
; Flow Summary                                                                 ;
+------------------------------------+-----------------------------------------+
; Flow Status                        ; Successful - Thu Feb 27 08:52:23 2014   ;
; Quartus II Version                 ; 8.1 Build 163 10/28/2008 SJ Web Edition ;
; Revision Name                      ; sys                                     ;
; Top-level Entity Name              ; sys                                     ;
; Family                             ; Cyclone II                              ;
; Device                             ; EP2C20F484C6                            ;
; Timing Models                      ; Final                                   ;
; Met timing requirements            ; Yes                                     ;
; Total logic elements               ; 2,311 / 18,752 ( 12 % )                 ;
;     Total combinational functions  ; 2,304 / 18,752 ( 12 % )                 ;
;     Dedicated logic registers      ; 403 / 18,752 ( 2 % )                    ;
; Total registers                    ; 403                                     ;
; Total pins                         ; 7 / 315 ( 2 % )                         ;
; Total virtual pins                 ; 0                                       ;
; Total memory bits                  ; 65,536 / 239,616 ( 27 % )               ;
; Embedded Multiplier 9-bit elements ; 0 / 52 ( 0 % )                          ;
; Total PLLs                         ; 1 / 4 ( 25 % )                          ;
+------------------------------------+-----------------------------------------+


+-----------------------------------------+
; Flow Settings                           ;
+-------------------+---------------------+
; Option            ; Setting             ;
+-------------------+---------------------+
; Start date & time ; 02/27/2014 08:50:33 ;
; Main task         ; Compilation         ;
; Revision Name     ; sys                 ;
+-------------------+---------------------+


+-----------------------------------------------------------------------------------------------------------------------------+
; Flow Non-Default Global Settings                                                                                            ;
+------------------------------------+-----------------------------------------+---------------+-------------+----------------+
; Assignment Name                    ; Value                                   ; Default Value ; Entity Name ; Section Id     ;
+------------------------------------+-----------------------------------------+---------------+-------------+----------------+
; COMPILER_SIGNATURE_ID              ; 64957254044.139348743201816             ; --            ; --          ; --             ;
; CYCLONEII_OPTIMIZATION_TECHNIQUE   ; Speed                                   ; Balanced      ; --          ; --             ;
; MAX_CORE_JUNCTION_TEMP             ; 85                                      ; --            ; --          ; --             ;
; MIN_CORE_JUNCTION_TEMP             ; 0                                       ; --            ; --          ; --             ;
; MISC_FILE                          ; D:/projects/cpu/hw/quartus/sys.dpf      ; --            ; --          ; --             ;
; MISC_FILE                          ; D:/projects/cpu/hw/fpga/quartus/sys.dpf ; --            ; --          ; --             ;
; PARTITION_COLOR                    ; 16764057                                ; --            ; --          ; Top            ;
; PARTITION_NETLIST_TYPE             ; SOURCE                                  ; --            ; --          ; Top            ;
; USE_GENERATED_PHYSICAL_CONSTRAINTS ; Off                                     ; --            ; --          ; eda_blast_fpga ;
+------------------------------------+-----------------------------------------+---------------+-------------+----------------+


+-----------------------------------------------------------------------------------------------------------------------------+
; Flow Elapsed Time                                                                                                           ;
+-------------------------+--------------+-------------------------+---------------------+------------------------------------+
; Module Name             ; Elapsed Time ; Average Processors Used ; Peak Virtual Memory ; Total CPU Time (on all processors) ;
+-------------------------+--------------+-------------------------+---------------------+------------------------------------+
; Analysis & Synthesis    ; 00:00:51     ; 1.0                     ; 193 MB              ; 00:00:44                           ;
; Fitter                  ; 00:00:35     ; 1.0                     ; 203 MB              ; 00:00:24                           ;
; Assembler               ; 00:00:06     ; 1.0                     ; 179 MB              ; 00:00:04                           ;
; Classic Timing Analyzer ; 00:00:06     ; 1.0                     ; 135 MB              ; 00:00:06                           ;
; Total                   ; 00:01:38     ; --                      ; --                  ; 00:01:18                           ;
+-------------------------+--------------+-------------------------+---------------------+------------------------------------+


+---------------------------------------------------------------------------------------+
; Flow OS Summary                                                                       ;
+-------------------------+------------------+------------+------------+----------------+
; Module Name             ; Machine Hostname ; OS Name    ; OS Version ; Processor type ;
+-------------------------+------------------+------------+------------+----------------+
; Analysis & Synthesis    ; user-dc63e67cf8  ; Windows XP ; 5.1        ; i686           ;
; Fitter                  ; user-dc63e67cf8  ; Windows XP ; 5.1        ; i686           ;
; Assembler               ; user-dc63e67cf8  ; Windows XP ; 5.1        ; i686           ;
; Classic Timing Analyzer ; user-dc63e67cf8  ; Windows XP ; 5.1        ; i686           ;
+-------------------------+------------------+------------+------------+----------------+


------------
; Flow Log ;
------------
quartus_map --read_settings_files=on --write_settings_files=off sys -c sys
quartus_fit --read_settings_files=off --write_settings_files=off sys -c sys
quartus_asm --read_settings_files=off --write_settings_files=off sys -c sys
quartus_tan --read_settings_files=off --write_settings_files=off sys -c sys --timing_analysis_only



